<?xml version="1.0" encoding="UTF-8"?>
<testsuite xmlns:xsi="http://www.w3.org/2001/XMLSchema-instance" xsi:noNamespaceSchemaLocation="https://maven.apache.org/surefire/maven-surefire-plugin/xsd/surefire-test-report-3.0.xsd" version="3.0" name="components_Test.Campo_Test" time="0.704" tests="6" errors="0" skipped="0" failures="0">
  <properties>
[...]
</properties>
  <testcase name="testClone" classname="components_Test.Campo_Test" time="0.527"/>
  <testcase name="testCostruttoreConID" classname="components_Test.Campo_Test" time="0.0"/>
  <testcase name="testCostruttoreBase" classname="components_Test.Campo_Test" time="0.001"/>
  <testcase name="testHashCode" classname="components_Test.Campo_Test" time="0.002"/>
  <testcase name="testEquals" classname="components_Test.Campo_Test" time="0.002"/>
  <testcase name="testCostruttoreCompleto" classname="components_Test.Campo_Test" time="0.002"/>
</testsuite>